############################################################
Processing project: Configuration (commons-configuration)
Full log redirect to: /home/m0uses/bugmining/HugeBugRepository/bug-mining/Configuration/mining.log
############################################################
(Configuration) Cloning commons-configuration.............................. OK
(Configuration) Shared issues for jira_CONFIGURATION not found. Downloading...
(Configuration) Downloading issues for jira_CONFIGURATION.................. OK
(Configuration) Collecting git log for commons-configuration............... OK
(Configuration) Regex for bug-fixing commits: '/(CONFIGURATION-\\\\d+)/mi'
(Configuration) Cross-referencing log for Configuration.................... OK
(Configuration) Generating patches from /home/m0uses/bugmining/HugeBugRepository/bug-mining/Configuration/active-bugs.csv...
  -> (Configuration) Generating patch for bug 1 (cc2b1046faba60fa25216b76b16db6ee6d2b9fc5 -> 7d582ef08f84f2ef7caf8fc18a1831d5de0eb91f)
  -> (Configuration) Generating patch for bug 2 (9bdacca2e30a7b1070675a83c4a4e4965749ecc4 -> e635cd103e1d4659aebd31e6f9ff804339676108)
  -> (Configuration) Generating patch for bug 3 (b24b7bed9b19eb774d1866dfec176fe505e01b1b -> e1c0a989e105ebf19903ef0eb26ca5b8b489f1b2)
  -> (Configuration) Generating patch for bug 4 (6e52fa76927129f7e92e246f82c11d991ed5c7a2 -> 62bf3b153b00c8d924edfee947c98e827fedf452)
  -> (Configuration) Generating patch for bug 5 (53289040e06ba2289764089c3729ae9202be6388 -> 397e97d2b347f4fe326e95f4e90a0dbb0e446a42)
  -> (Configuration) Generating patch for bug 6 (2ceb32fb8ae534918abb819eb10b62481807115f -> 7890b7a6b1fce045520c88542c6df016ae0f372a)
  -> (Configuration) Generating patch for bug 7 (7890b7a6b1fce045520c88542c6df016ae0f372a -> 94d6e9fc10077249b0a7b7d18050b17f57f05b36)
  -> (Configuration) Generating patch for bug 8 (a0f92109ae84d76f01cc6a8dbbf5785ad8665ba1 -> a4cfc98a8494b56e9209891fee09e7b81483071c)
  -> (Configuration) Generating patch for bug 9 (9a149978a2ebfebf0f480e9b6be6c2fea5ea69a1 -> c671dfd5fe57d837fd966dbe0637198bc5cdbee0)
  -> (Configuration) Generating patch for bug 10 (c671dfd5fe57d837fd966dbe0637198bc5cdbee0 -> 7091bf722e0adbaf059ad262b33f548960ad6df9)
  -> (Configuration) Generating patch for bug 11 (7091bf722e0adbaf059ad262b33f548960ad6df9 -> 7e4989ff111562d9bc562200d0c5bc5b41af18b9)
  -> (Configuration) Generating patch for bug 12 (7e4989ff111562d9bc562200d0c5bc5b41af18b9 -> a31f7779307e722d29258b452e09ee01a735eebb)
  -> (Configuration) Generating patch for bug 13 (a31f7779307e722d29258b452e09ee01a735eebb -> 620ff7afcf73ec660d0f450d8c86dbb416e6a4ce)
  -> (Configuration) Generating patch for bug 14 (620ff7afcf73ec660d0f450d8c86dbb416e6a4ce -> ae0fc6f6ff1090c515409af0a2cff4af57921480)
  -> (Configuration) Generating patch for bug 15 (c226b3002a957c80c02b070d1f2a4d0a44583834 -> 76a78917670dfa794fea01ee1d27717295643bed)
  -> (Configuration) Generating patch for bug 16 (76a78917670dfa794fea01ee1d27717295643bed -> 95266cde0d2cf848ae9c5873bde8c94203c14696)
  -> (Configuration) Generating patch for bug 17 (26299571bb08cb72b8a13ab2ae066859576f45b3 -> ef208629a9979fb46495a7165d031f457b1dc4ca)
  -> (Configuration) Generating patch for bug 18 (bd0692bb67430c246c12cb27986ddd948ff1c4ef -> fde223be37b02ea27ae3e6af337050d10b8c5f4f)
  -> (Configuration) Generating patch for bug 19 (e49e7f45c23b02430edff66bf128e1ed52117b0e -> ca7adf55c3a69694e5be9867db36e4ccb9f344ce)
  -> (Configuration) Generating patch for bug 20 (ca7adf55c3a69694e5be9867db36e4ccb9f344ce -> 8b733422b896a8dcfaef235eec9067f67a65071b)
  -> (Configuration) Generating patch for bug 21 (99fc536e1fad03dac5823013fb8584c214f53055 -> b0239d5d3e1aa423da9fa318e0132812e80306d4)
  -> (Configuration) Generating patch for bug 22 (b0239d5d3e1aa423da9fa318e0132812e80306d4 -> 4c0e3b5679dd1eb42e206342a488635d79ecb9e7)
  -> (Configuration) Generating patch for bug 23 (4c0e3b5679dd1eb42e206342a488635d79ecb9e7 -> 10497e9b171e6b659875aac206bad40ced4e422d)
  -> (Configuration) Generating patch for bug 24 (10497e9b171e6b659875aac206bad40ced4e422d -> 51009ec09f87328192f850fb5a3eb1d83dc70933)
  -> (Configuration) Generating patch for bug 25 (2e7912ff5068e21d4ebad02f5bdd5c57cfd3aef3 -> f3a95431ab4a6b88ace2b1a76f5cd1ca2f50a48a)
  -> (Configuration) Generating patch for bug 26 (f3a95431ab4a6b88ace2b1a76f5cd1ca2f50a48a -> 677fe93e0786db5b1ff4c86139aec44415bc1c9c)
  -> (Configuration) Generating patch for bug 27 (677fe93e0786db5b1ff4c86139aec44415bc1c9c -> 2525bc9a8495fd3970a4a30be72f2f9ca2fc76b7)
  -> (Configuration) Generating patch for bug 28 (4eec2d730944094b6a79747459744a8989b3706a -> e8faa3329ced19020ca50449813abbf35fbd558b)
  -> (Configuration) Generating patch for bug 29 (591ce433d0a3542e08d722f1827bd9f9c3ceea64 -> a9e8b82ae1b840f2f38be59b38a9df9ee8abfbc2)
  -> (Configuration) Generating patch for bug 30 (9cd45201278c247ad490697a664e9f5f12eae286 -> a7e955d5e69507b99e0d73a6751e6dee407fe2d2)
  -> (Configuration) Generating patch for bug 31 (a7e955d5e69507b99e0d73a6751e6dee407fe2d2 -> 5ea36c4310a778e152e3b4e2b01226aa00d9dcac)
  -> (Configuration) Generating patch for bug 32 (5ea36c4310a778e152e3b4e2b01226aa00d9dcac -> 1d4504253d7e4b836e35620bb99614062d7fb4e1)
  -> (Configuration) Generating patch for bug 33 (f9ed6d9585d348c85e1f849d87a79d951b525ea3 -> a07e216cffcd85bf5bc5ce254b69c1eaa7e0e592)
  -> (Configuration) Generating patch for bug 34 (be8d8be878f99d26ad4390ca9620d98babbeea22 -> 51a3d06e965de66859209ef5afd7ede70b248866)
  -> (Configuration) Generating patch for bug 35 (62f8f9cf6e8729a5d72304e9f2b035f4d269e7b8 -> b5a40037a452bcd390f005dfb245fce7b273fa5f)
  -> (Configuration) Generating patch for bug 36 (44353c821b856bf20d4ef86710dd8a62cb5600b0 -> aaf311cd404e8458d995afbd9552defc1bdf4985)
  -> (Configuration) Generating patch for bug 37 (90b489dd33b07cc12fe2a0a52cccdce75dee49b1 -> 2585da8d157bda7a41c316f58fc25e171f5895c6)
  -> (Configuration) Generating patch for bug 38 (bad272b1b83dfaba0c7de16bb9bb3078535bd699 -> 2bf652bed1a60e8bd7c2e2e47b7d0d1bfd66df0c)
  -> (Configuration) Generating patch for bug 39 (ab8534081cedfc9f3644e4da527516e8ea8fca6f -> 1377b6e27cb94e187b441ac96ede9bdaa48931fe)
  -> (Configuration) Generating patch for bug 40 (1377b6e27cb94e187b441ac96ede9bdaa48931fe -> 45d8717c3dcf3800cf007ee3eb42d38586f92d35)
  -> (Configuration) Generating patch for bug 41 (246027619978c15e31735bb671e04c99abd8ac59 -> 08f0beaf018ac4f4dd0325674f17519f306b2746)
  -> (Configuration) Generating patch for bug 42 (08f0beaf018ac4f4dd0325674f17519f306b2746 -> ad8a4955cb3ddfed950d2b3c21256ed4b637c5fe)
  -> (Configuration) Generating patch for bug 43 (838a7db4ae920bb15a90408651fb1767eedd735e -> d17f7d01787f67ee6d81f12cb67e5d961921d2aa)
  -> (Configuration) Generating patch for bug 44 (1318e3952d8c6aac1c34454583cadb02be9d0616 -> 733b83d0dea8c45311e8a88cc44587abda4c41ee)
  -> (Configuration) Generating patch for bug 45 (733b83d0dea8c45311e8a88cc44587abda4c41ee -> 508e0cc43be9b617cdd4ac5415c76521d478ef92)
  -> (Configuration) Generating patch for bug 46 (508e0cc43be9b617cdd4ac5415c76521d478ef92 -> cf0d6a84f168a8066af620a38690b1c8339b8c25)
  -> (Configuration) Generating patch for bug 47 (9edd19d0f0f12457a9314cdc282875b525f3ce83 -> 2f861bcfac177afe6802a3c2f826d60eb568339e)
  -> (Configuration) Generating patch for bug 48 (497bf061d76b0235738ad939d3196004036b207c -> 1c53281831611837de4358b6e75de594867f46b0)
  -> (Configuration) Generating patch for bug 49 (1c53281831611837de4358b6e75de594867f46b0 -> 15b093448cebcaf28bf7384257bd9208cc18bb34)
  -> (Configuration) Generating patch for bug 50 (15b093448cebcaf28bf7384257bd9208cc18bb34 -> ee22fe99ffb101fb4ca0428ebe2ad0ba35603ccf)
  -> (Configuration) Generating patch for bug 51 (3e2a30071802d6780827061bcf49ef6f2ef6b4b9 -> 3b74386d3d412594f2b34a9bc782fe1efcfb041c)
  -> (Configuration) Generating patch for bug 52 (3b74386d3d412594f2b34a9bc782fe1efcfb041c -> c6b7241fc57ac41db358ee5990e1908ac41f4b58)
  -> (Configuration) Generating patch for bug 53 (1ca01fb57f48351401f1005c97497fb3ed5548bc -> bd0593e136edca76a28757ad1be3d9f90099bfac)
  -> (Configuration) Generating patch for bug 54 (216ca3a5ba9a3755930ca4c3515416223ca4d54f -> e28922e42a32f3d0579f00f6b72ac3a077b31bca)
  -> (Configuration) Generating patch for bug 55 (286b66c3ec20c750f8af75058e915eaf41243c0c -> 559e62cf4513bab20c08ec8129bf60b23e423b73)
  -> (Configuration) Generating patch for bug 56 (df34910866790342f1724ed627ca69cbe3db79b3 -> 204ede6adb0c08f84ec2d1743c92b20af1001a99)
  -> (Configuration) Generating patch for bug 57 (204ede6adb0c08f84ec2d1743c92b20af1001a99 -> cd62323bfff88610c966638f4d9ae5eb3f930cbc)
  -> (Configuration) Generating patch for bug 58 (24fb8a7f04031ff72635e22a6708265ea15b93a6 -> 72e29848274366c1b07aee4bb1838cfd396b32f3)
  -> (Configuration) Generating patch for bug 59 (ff876331711077ebe8c527f2c54382b0b040af9f -> 2ceb46d976ae1f971dd70270072fc17e7524e93d)
  -> (Configuration) Generating patch for bug 60 (63776cc09959f0a5bdd88304f6c94c6374d1bf46 -> eec5936b267c80eac7fbf077e88e0eb997f0c335)
  -> (Configuration) Generating patch for bug 61 (7a5182133f90f7d5d9981c5f0be59c315e0828ec -> cfd2560843033325d5ed7001f363e93fd5294000)
  -> (Configuration) Generating patch for bug 62 (cfd2560843033325d5ed7001f363e93fd5294000 -> a32f8b913901de4e6c5090f0fd33b0c9cda02ef9)
  -> (Configuration) Generating patch for bug 63 (b3f082cdd7587dac8b5f75beea1e48fd42e38f84 -> 3f2c1cffe03f41c9f5b63bf7d314ba4180a5dda6)
  -> (Configuration) Generating patch for bug 64 (3f2c1cffe03f41c9f5b63bf7d314ba4180a5dda6 -> 9b637536d59ee09c4f64f43d96715685f78564f2)
  -> (Configuration) Generating patch for bug 65 (9b637536d59ee09c4f64f43d96715685f78564f2 -> 4fe432305bb4b57e5f47d5261f31f0ad0cc77b28)
  -> (Configuration) Generating patch for bug 66 (4fe432305bb4b57e5f47d5261f31f0ad0cc77b28 -> 1628d29f0c14e9619960d60a6590dc0d98331c42)
  -> (Configuration) Generating patch for bug 67 (1628d29f0c14e9619960d60a6590dc0d98331c42 -> 672dd563c176a418d69b9cff2abfaeb62f1fa3e3)
  -> (Configuration) Generating patch for bug 68 (672dd563c176a418d69b9cff2abfaeb62f1fa3e3 -> af6a5edc743a8c30d164c39a84a253e977e7b4a0)
  -> (Configuration) Generating patch for bug 69 (af6a5edc743a8c30d164c39a84a253e977e7b4a0 -> 0d744de2743b78cfd8481908a5736063ce23fe86)
  -> (Configuration) Generating patch for bug 70 (e73f015ae81c2fad38bd46d96951080bbc28da5f -> 51f88c4ed6a975677114745e3c92d6b9f49377fa)
  -> (Configuration) Generating patch for bug 71 (68a33e20efd5ca9c3c0bd12ca34122686ca4945f -> 2f4fb3842ebf171b5124d9c23e1b319f79dc6e73)
  -> (Configuration) Generating patch for bug 72 (2f4fb3842ebf171b5124d9c23e1b319f79dc6e73 -> 424c02b3ea3c10724df2419ae82cd7f98a7c351f)
  -> (Configuration) Generating patch for bug 73 (0af5a563cf3431f27ec43135a484eade7b796574 -> 218de40b5f82600b012bf67d230eedfc81d4fdb8)
  -> (Configuration) Generating patch for bug 74 (218de40b5f82600b012bf67d230eedfc81d4fdb8 -> 66f4109d462e99a819a8eb4f50e9260503e4ed30)
  -> (Configuration) Generating patch for bug 75 (c70bed3286d088cf1074a2a3079779b80d7a5305 -> 752e6507e65146542c443f6fff986a344ae6a41d)
  -> (Configuration) Generating patch for bug 76 (cac58a6794206f5a75f62dd986bda394a7355628 -> bddc7abc432175ef17c222111a03ba1314f17910)
  -> (Configuration) Generating patch for bug 77 (9cf06a0edef98aed9ec36b0c8b604f4209a66cec -> dacd73897e9ba29c1073b481e3e5942c9300e64d)
  -> (Configuration) Generating patch for bug 78 (e194bd41a1655aef9747a03f1267b8a62cfa5fa6 -> f0bc45b22638eb192fcf55391d2ef6fc35d26872)
  -> (Configuration) Generating patch for bug 79 (f0bc45b22638eb192fcf55391d2ef6fc35d26872 -> 1f61e04eb01ab94124afd0cee797e08b8a531abd)
  -> (Configuration) Generating patch for bug 80 (1f61e04eb01ab94124afd0cee797e08b8a531abd -> e79611cd762654822d884a9cd481e80675fc7413)
  -> (Configuration) Generating patch for bug 81 (e79611cd762654822d884a9cd481e80675fc7413 -> 999008177a1bb551c0cad9b6a665a1e346741df5)
  -> (Configuration) Generating patch for bug 82 (999008177a1bb551c0cad9b6a665a1e346741df5 -> 8e5c7f44c68044f00f0c691090349cab7ec10400)
  -> (Configuration) Generating patch for bug 83 (8e5c7f44c68044f00f0c691090349cab7ec10400 -> 3fb31853c408ac481a58b0dd84e5b143db03d3a0)
  -> (Configuration) Generating patch for bug 84 (3fb31853c408ac481a58b0dd84e5b143db03d3a0 -> 95fde08d7ff98666d724fada3358611d74357fd6)
  -> (Configuration) Generating patch for bug 85 (95fde08d7ff98666d724fada3358611d74357fd6 -> c4490d74c2fb3687785e98b7c578bcf22e11c75b)
  -> (Configuration) Generating patch for bug 86 (c4490d74c2fb3687785e98b7c578bcf22e11c75b -> 47bb5716b6b1940fee8c854bd67b02012999a713)
  -> (Configuration) Generating patch for bug 87 (47bb5716b6b1940fee8c854bd67b02012999a713 -> d1f9b85bf6de868345a9f00d2f39aba683d1a49b)
  -> (Configuration) Generating patch for bug 88 (d1f9b85bf6de868345a9f00d2f39aba683d1a49b -> 9fb296cd8998d69593947bbbeabfa2dd3faa4511)
  -> (Configuration) Generating patch for bug 89 (7f66bef605a8e68aafb04c566038bf14a7e9383a -> d4221eee46da2e521345333fc2acf745f36861de)
  -> (Configuration) Generating patch for bug 90 (d4221eee46da2e521345333fc2acf745f36861de -> f624c0347c9e9e94d88ca85caa07ab945969be0c)
  -> (Configuration) Generating patch for bug 91 (f40d5fc2e529cfd55b48c52bfbb22e0d36bd52e9 -> c241433604ebb835cc8893299466548f2f512a25)
  -> (Configuration) Generating patch for bug 92 (c241433604ebb835cc8893299466548f2f512a25 -> d20cabdf10cd743d8a842c7d5a922460b9dd25e0)
  -> (Configuration) Generating patch for bug 93 (d20cabdf10cd743d8a842c7d5a922460b9dd25e0 -> 597076184baefff976125a341ce242693ac894c2)
  -> (Configuration) Generating patch for bug 94 (3bdd4b8a4019bbf43d3fd82b532ef428d91198a7 -> e0560ad92a4b999291e93ace3a188804fdf99e8d)
  -> (Configuration) Generating patch for bug 95 (e0560ad92a4b999291e93ace3a188804fdf99e8d -> 47d66659a952d395480d7475dfceed9cbbb1f114)
  -> (Configuration) Generating patch for bug 96 (2f2e36fadd7d04b78fd4f9d959632f1fe6c4a69b -> c6f0132435d06d65cd46ddac3190a861b4fb1434)
  -> (Configuration) Generating patch for bug 97 (38536058f7a5d24ed95524ffaadb4c125a3a2965 -> b2d05641ab728879cabbd271f0747bf98db02dba)
  -> (Configuration) Generating patch for bug 98 (66699ecdadd45d090b7831ee46be16bb19b16b1b -> 6a178837bd459f2713390091b0e91875d7618d60)
  -> (Configuration) Generating patch for bug 99 (975b8b1686239685d46126329a59cb088f967d56 -> b1987f221f0655811991852eb57472c4367ec1c8)
  -> (Configuration) Generating patch for bug 100 (2127f4503501952df2c5e7fee4998247741dde8d -> ed8738d5b3ad58d3ad8b225cda7d9be03d8ade43)
  -> (Configuration) Generating patch for bug 101 (84c0cf32dcbb7ddcde8b6d5437c3e415a0138d72 -> b86627e489979648bad3a142426cd59c45298ab3)
  -> (Configuration) Generating patch for bug 102 (b86627e489979648bad3a142426cd59c45298ab3 -> f860c9db1fe66d6f88415d2d17096d4c25d0fcfb)
  -> (Configuration) Generating patch for bug 103 (5e55a95bf8108dbb6bc6e2a0df598838edb6e82a -> 02a28021041977904fba631de4014db04b1ded37)
  -> (Configuration) Generating patch for bug 104 (7067a02a7d15601c4476b78067352478322e2afb -> b9ce6ba6d687c7a41a3304f4bc9a44fb4e88345d)
  -> (Configuration) Generating patch for bug 105 (9efdfe129de389d00346939dd2ce5e57e6cdc087 -> 13a3ac7a7eeddf68b9106ec64c5a986cd5a12cbf)
  -> (Configuration) Generating patch for bug 106 (13a3ac7a7eeddf68b9106ec64c5a986cd5a12cbf -> 566a739015f86c5d88e80420361e1b61fc888329)
  -> (Configuration) Generating patch for bug 107 (566a739015f86c5d88e80420361e1b61fc888329 -> e817603843bca75a1d29fa37fc60a65a3fde276b)
  -> (Configuration) Generating patch for bug 108 (78af337ef74e40ea241b90ced83fcc92a895eabc -> 13074109e7dc147f524f1ea566f7cc3b336d5562)
  -> (Configuration) Generating patch for bug 109 (13074109e7dc147f524f1ea566f7cc3b336d5562 -> fc70d537fc5337806426a9cb0e88f97b75344aba)
  -> (Configuration) Generating patch for bug 110 (fc70d537fc5337806426a9cb0e88f97b75344aba -> b452786baf48c3c9cfc61c09cc929099b792847d)
  -> (Configuration) Generating patch for bug 111 (b452786baf48c3c9cfc61c09cc929099b792847d -> a6052e85ee234cd93863db009b1f6c1f6fe9af16)
  -> (Configuration) Generating patch for bug 112 (a6052e85ee234cd93863db009b1f6c1f6fe9af16 -> 54e1392c26b3e54cfddc7d52ea81f0ea550a1270)
  -> (Configuration) Generating patch for bug 113 (af4e40635eeead48feaefc7a6cd8a2d3f7d08494 -> a7d9628c2ef6fb473047e62e868c0351c6f350ae)
  -> (Configuration) Generating patch for bug 114 (f9acd32e5396e4ca29afb7a9c524f44ab57a2813 -> d322d2ecf133a443be0ca6ae1eb8099b1dd5a87f)
  -> (Configuration) Generating patch for bug 115 (d322d2ecf133a443be0ca6ae1eb8099b1dd5a87f -> 9f5500b61483514ccd70f7fa79913188fd52cd20)
  -> (Configuration) Generating patch for bug 116 (a78b1165ba9f22da3d54234d3a11114cb51718af -> 24026c1569c7be0b543c9f2ae97edeeced8e3d28)
  -> (Configuration) Generating patch for bug 117 (24026c1569c7be0b543c9f2ae97edeeced8e3d28 -> 1feaeb03ebdfad34715c0238effce75fa08b74f1)
  -> (Configuration) Generating patch for bug 118 (1feaeb03ebdfad34715c0238effce75fa08b74f1 -> c346671137bac62e4af570bdf254040674006f2d)
  -> (Configuration) Generating patch for bug 119 (4503dc156a1b12c7ba0094071391d666896ccfea -> 343e27c50587709d3b731eeaaf89a0b58a763127)
  -> (Configuration) Generating patch for bug 120 (16d0a2f9c47f9168f6bf06b4448300ddb72f7357 -> 49a5ae9554807aee369852394d3143bbb7551ca9)
  -> (Configuration) Generating patch for bug 121 (107622b48eb3bdb72fee721c94b8d6ae489c6258 -> a1a27490c8adc641ad0e48d5fe45e334002c2365)
  -> (Configuration) Generating patch for bug 122 (e6dff91bd3bc1702946655973fd89688936a8df9 -> 188c1569fe487be743ed33413850497f81602171)
  -> (Configuration) Generating patch for bug 123 (c6c730023a5e2638f70c4f80c2a61de7d9af09da -> ae3aa5c5f16545eef7343be58a917c0bfafbb411)
  -> (Configuration) Generating patch for bug 124 (ae3aa5c5f16545eef7343be58a917c0bfafbb411 -> 2a0967ddc85c971b191585b1613bde379adcf7d5)
  -> (Configuration) Generating patch for bug 125 (2a0967ddc85c971b191585b1613bde379adcf7d5 -> 4dec1b2fdb87223a3a595d8ddf47e77beff336ff)
  -> (Configuration) Generating patch for bug 126 (ef86b1d6aef4dee4de1a74cfe30212c34583c19d -> 80db06fc8ce257320004d0e770cd763284df4dd4)
  -> (Configuration) Generating patch for bug 127 (80db06fc8ce257320004d0e770cd763284df4dd4 -> 0a98144b0eb8f2fe1dcab07573f281c096a3d941)
  -> (Configuration) Generating patch for bug 128 (a40496b96507b1aab90f0d84138ee11765e6c4c9 -> d6d3726e5e61ffeafa6181876c6af26da783bbd4)
  -> (Configuration) Generating patch for bug 129 (d6d3726e5e61ffeafa6181876c6af26da783bbd4 -> a09c139bb014303ed4e7152c9e18ae05407b9df9)
  -> (Configuration) Generating patch for bug 130 (ab13a0ef40a9b35be0c63980a9157657d92f8526 -> 79046307a3316c0fc4b7e680e36dc971a7fff667)
  -> (Configuration) Generating patch for bug 131 (79046307a3316c0fc4b7e680e36dc971a7fff667 -> ba2628e69e24791f9c8687ecfe8a65686179d40a)
  -> (Configuration) Generating patch for bug 132 (fdeda1cf151e1b42628cd1e433a6ca54be155223 -> fc65d9b376af1fdd416bbc21ad6c32416c75929f)
  -> (Configuration) Generating patch for bug 133 (fc65d9b376af1fdd416bbc21ad6c32416c75929f -> e69d76cf1654d0676a5872fa6884133d6b5ca7a0)
  -> (Configuration) Generating patch for bug 134 (a9a30b3c27d44ddd793374cc8aad90cfcb7a4298 -> 7034bab7e9cc36d3e8c7cbd8c2ec5a043f409e36)
  -> (Configuration) Generating patch for bug 135 (262560ed37ad1c6ed322ce8b3c39a33d89932109 -> 057b064b15f7a47f7fc104524ac1b865ab2876dc)
  -> (Configuration) Generating patch for bug 136 (057b064b15f7a47f7fc104524ac1b865ab2876dc -> 6bbd9d768fe6fe8ef8f95602cd19b534c227929f)
  -> (Configuration) Generating patch for bug 137 (6bbd9d768fe6fe8ef8f95602cd19b534c227929f -> eef31e37e3e8cf60f55bc61cb3d3e711aeef5bd1)
  -> (Configuration) Generating patch for bug 138 (463d82c085669c9f7617c7c12a74af55071c3afa -> e38356616c8577e24c47c5d1501bf55f92109d2f)
  -> (Configuration) Generating patch for bug 139 (e38356616c8577e24c47c5d1501bf55f92109d2f -> ef7e8ec9c67c062ad5f221b196a077f5ef0f0bab)
  -> (Configuration) Generating patch for bug 140 (f42e8f505459ea61d48ff80403446905773ee967 -> e2549e94a9aa874c1ea576cd5a9003b4111ab9f3)
  -> (Configuration) Generating patch for bug 141 (e2549e94a9aa874c1ea576cd5a9003b4111ab9f3 -> 83c470f5aae45066665368574ccade62cccd709e)
  -> (Configuration) Generating patch for bug 142 (6867d5200a26cea80b7494bd71000bf297919e30 -> 4e1531cd799ef944250827b3f4950f0d3c84eba0)
  -> (Configuration) Generating patch for bug 143 (4e1531cd799ef944250827b3f4950f0d3c84eba0 -> 95342de6b56d74c10eb3f496c57f16e8185cd62f)
  -> (Configuration) Generating patch for bug 144 (95342de6b56d74c10eb3f496c57f16e8185cd62f -> 50181e11bb222bbc17fb871d4089db284bc65969)
  -> (Configuration) Generating patch for bug 145 (20b0daf48579f6103be49a7e9f5053977e31ac0d -> aaaf6219c073428b2c72cb4a4101ec7da580b92f)
  -> (Configuration) Generating patch for bug 146 (4f5f08f8084c6b69985b37ca9d4da41bf127a479 -> 578b581d9c5f70c6cec105bf65388fe314024fe3)
  -> (Configuration) Generating patch for bug 147 (578b581d9c5f70c6cec105bf65388fe314024fe3 -> 94a668c31c96167b86bdd722ebb62eebd6ad1108)
  -> (Configuration) Generating patch for bug 148 (92039af113100e8cebf8b80c09f8715f981c94e2 -> 821ccfacc717f823446f9801ea1c87e992b81a24)
  -> (Configuration) Generating patch for bug 149 (d16ef2e370d416e46a881da2a355fef567543063 -> 3f6a9b74fc9d7eabcc0ab2a8b4f050168eff48ff)
  -> (Configuration) Generating patch for bug 150 (4ceac8f559965c8039ca9a90c8c2fd2edc34cce0 -> be8e1c3103e57da9a9c2f72d79e69194c1f1d0b9)
  -> (Configuration) Generating patch for bug 151 (3f40e72d83248832021c99f246cef372c18b0d53 -> ec1d7200bcb98f54b1a89bf2a98abdaf79545afb)
  -> (Configuration) Generating patch for bug 152 (ec1d7200bcb98f54b1a89bf2a98abdaf79545afb -> d04a18d643707e5d3926236b1a9fcc3ff1522bb7)
  -> (Configuration) Generating patch for bug 153 (328d02a4ea56362a55ffbfc3e04929f0e3d4ed7b -> 0130a3f20814ffdc6165fda25ce094cee4c5d324)
  -> (Configuration) Generating patch for bug 154 (0ad18f8dd5548e0086bf30fc95b5b02326446009 -> 8f30e84c0495f0e6848e27ec13691a44c981865b)
  -> (Configuration) Generating patch for bug 155 (8f30e84c0495f0e6848e27ec13691a44c981865b -> f5b751c8bd4512c942ad2a7f871f547efebcbfa3)
  -> (Configuration) Generating patch for bug 156 (900481b4aca6592bb142d39b51a1973c5605ec71 -> 70918d3a66258734729b65bd8d1651b470859771)
  -> (Configuration) Generating patch for bug 157 (f628e3a2779d471aac5abed576d7808f0ea624d6 -> d9ba52121b7d666c34b35f8a643521947806294f)
  -> (Configuration) Generating patch for bug 158 (d9ba52121b7d666c34b35f8a643521947806294f -> bfbc68c3988bfd8e097fa229a29621ff93087cfb)
  -> (Configuration) Generating patch for bug 159 (bfbc68c3988bfd8e097fa229a29621ff93087cfb -> ca4eddad7a86f46ddb8a8102c182c55a6c490bf7)
  -> (Configuration) Generating patch for bug 160 (309cdbc5bb9ab9a8e982cd862e389768581cc1d6 -> e4601582be15def78a2de97072842bd1276e3dcc)
  -> (Configuration) Generating patch for bug 161 (bd6a3f6a7476f7c16ef484bb2609aefc0c6f4830 -> df0b3837f1118d1b97a802da85a6984f1ca223c5)
  -> (Configuration) Generating patch for bug 162 (df0b3837f1118d1b97a802da85a6984f1ca223c5 -> d371c2cf006fd21a96adede348bda3562f83389a)
  -> (Configuration) Generating patch for bug 163 (d371c2cf006fd21a96adede348bda3562f83389a -> 6ea0ce4faab0239946a0282ecb34c8cf6e300deb)
  -> (Configuration) Generating patch for bug 164 (6ea0ce4faab0239946a0282ecb34c8cf6e300deb -> 20bdbcac7bebe3577d2063cc0dc6503abd92901d)
  -> (Configuration) Generating patch for bug 165 (9f8259130143e9d35fbb904742d16d99e36f72ac -> 2908e3caffbfae51ea195cb96fb55c3b14f5bfc4)
  -> (Configuration) Generating patch for bug 166 (e22e2c1227f5d3173670294cbca3cbfde5a38a04 -> e468b28de55bc8475de6140080031cb4feec0287)
  -> (Configuration) Generating patch for bug 167 (e468b28de55bc8475de6140080031cb4feec0287 -> 43859713158eb9599657cf7663ddd9f6810dad62)
  -> (Configuration) Generating patch for bug 168 (43859713158eb9599657cf7663ddd9f6810dad62 -> 25d3a19a6646e2af5354f1078e2b125d8446788f)
  -> (Configuration) Generating patch for bug 169 (25d3a19a6646e2af5354f1078e2b125d8446788f -> 3693b03c87238cc8bdfa81145942c2896b036a5b)
  -> (Configuration) Generating patch for bug 170 (3693b03c87238cc8bdfa81145942c2896b036a5b -> 9ee2472c261de017fb0abb729611ee268c7d2b30)
  -> (Configuration) Generating patch for bug 171 (9ee2472c261de017fb0abb729611ee268c7d2b30 -> 3f794fb8e6b9d93b906b07fe77a248d5ecd8152b)
  -> (Configuration) Generating patch for bug 172 (7a614a4489c4c75848f7dfae9825e549047045a7 -> db5ceca8103c900126d1bb68debe03bcaf95654f)
  -> (Configuration) Generating patch for bug 173 (125b2261cec611c4a372f9eb4062ae1ce4cbd9df -> db465e82b5cbf29fefd4c923e8adb8f2db2bc2fc)
  -> (Configuration) Generating patch for bug 174 (db465e82b5cbf29fefd4c923e8adb8f2db2bc2fc -> 1de6a519e502c2b7f7f15705d2f74aa79460550d)
  -> (Configuration) Generating patch for bug 175 (2388c5689d8e5f5c8d45c53d258fe104b0819977 -> 60629ba55e103d02ab692be389110ef9e90b02af)
  -> (Configuration) Generating patch for bug 176 (2f60a82073b81ca990ac941a68fc5f2667b31706 -> 5cb0099a249f4609702e707d5846aec761cf49ca)
  -> (Configuration) Generating patch for bug 177 (6a7fcb5328372c410474cc9e7aad6c717438d512 -> d3f9c7067a3c82384dd340ec5d7f52ebcf916d36)
  -> (Configuration) Generating patch for bug 178 (d3f9c7067a3c82384dd340ec5d7f52ebcf916d36 -> ad608cd543a2cd63f6745d1dfb01d6a2e4dd0aad)
  -> (Configuration) Generating patch for bug 179 (fd9529075ac220b02d6a0a02481a9a0624d94b35 -> 64e0c0fe372416bc7bd412d88e953f44dadf8a6c)
  -> (Configuration) Generating patch for bug 180 (64e0c0fe372416bc7bd412d88e953f44dadf8a6c -> cefb1711673a1580c844190c1d1cd4314e062a0d)
  -> (Configuration) Generating patch for bug 181 (cefb1711673a1580c844190c1d1cd4314e062a0d -> 9b444e87f14af09670529fe388c98357cb21f345)
  -> (Configuration) Generating patch for bug 182 (9b444e87f14af09670529fe388c98357cb21f345 -> 71e7a2b7366d41381d747e0038a4001bbdf7467f)
  -> (Configuration) Generating patch for bug 183 (b6b621dd4369eea7b0295edc9157de8ee4e3cbe1 -> 1b734f6744f1ea778ac8b1bcb0c52fc3ddbde1ff)
  -> (Configuration) Generating patch for bug 184 (1b734f6744f1ea778ac8b1bcb0c52fc3ddbde1ff -> a515e3a791afb0a2d290a349b9907757d99f993b)
  -> (Configuration) Generating patch for bug 185 (a515e3a791afb0a2d290a349b9907757d99f993b -> 0db44b74a2565e2092324e0450b891e5a7ccf2fb)
  -> (Configuration) Generating patch for bug 186 (0db44b74a2565e2092324e0450b891e5a7ccf2fb -> cb6f7e82bedc4dd68d15f8b8cf609f411662f8b0)
  -> (Configuration) Generating patch for bug 187 (9429d90eb68774316e9a714c67a71a9288040c71 -> 514525c6a44acc2c58cb0e3e62fceb9149ffe489)
  -> (Configuration) Generating patch for bug 188 (3ab9eac33a1dec0e98009d3f20b0b7ed41e3efc1 -> 55595e71e145a7b63488751ffd6a485e1fd41ebc)
  -> (Configuration) Generating patch for bug 189 (55595e71e145a7b63488751ffd6a485e1fd41ebc -> 9d1383a42dceb7155d7411a9682533761f856d03)
  -> (Configuration) Generating patch for bug 190 (9d1383a42dceb7155d7411a9682533761f856d03 -> a216362a393976500b515efbe08e7d96c688600a)
  -> (Configuration) Generating patch for bug 191 (a216362a393976500b515efbe08e7d96c688600a -> b62beda44466a74116ddfe9aa73145352f89f649)
  -> (Configuration) Generating patch for bug 192 (9a8e5636d57c3d8813b962d0d7b5884e7760d3d3 -> cc3c0a92368f8976ec3f611bd36184c37f14c15a)
  -> (Configuration) Generating patch for bug 193 (cc3c0a92368f8976ec3f611bd36184c37f14c15a -> 12e82573cb59496b5f0d3b51ec21e6062cd89e77)
  -> (Configuration) Generating patch for bug 194 (3fa44b2abd64d9af0011b75e81e87e7b0e407cb4 -> 0245d66f72e0645a448e2d03a7b957bcc18d919f)
  -> (Configuration) Generating patch for bug 195 (3c9ac0c62a4370cdd5309a50393eadda9e69a0d9 -> 21e9b011982e28b6d2ab4dcd0f270942af75fc58)
  -> (Configuration) Generating patch for bug 196 (21e9b011982e28b6d2ab4dcd0f270942af75fc58 -> ad9c96e93d20162af900610a6dff60c4502b109b)
  -> (Configuration) Generating patch for bug 197 (0516bc683eff01ab32a09f7b6dab57bc5725579c -> 94228aeb55ee1a3391f7dcf09503e1fbed9c9d4b)
  -> (Configuration) Generating patch for bug 198 (90e8706125cf00c2924357d7c9f58b56c9187d33 -> e148346fb50e40cf4e0ba7c2b95603aeda740c29)
  -> (Configuration) Generating patch for bug 199 (e148346fb50e40cf4e0ba7c2b95603aeda740c29 -> 764a02b8d743dc3ca1a8e70ad79f09d6dd7b3a1a)
  -> (Configuration) Generating patch for bug 200 (764a02b8d743dc3ca1a8e70ad79f09d6dd7b3a1a -> 6b873e468b5cae08c073f7d7816912a78db40550)
  -> (Configuration) Generating patch for bug 201 (6b873e468b5cae08c073f7d7816912a78db40550 -> 999803b99c93292829194e2cdf5339594227cac7)
  -> (Configuration) Generating patch for bug 202 (999803b99c93292829194e2cdf5339594227cac7 -> 4bbdb3b88c5f833dea35d6e611e66e43772f21e4)
  -> (Configuration) Generating patch for bug 203 (4bbdb3b88c5f833dea35d6e611e66e43772f21e4 -> 5062de5b7ea98b0b1b3a59d98d0099f1b93a9bb4)
  -> (Configuration) Generating patch for bug 204 (5062de5b7ea98b0b1b3a59d98d0099f1b93a9bb4 -> be9e92bc4439a6e0cc85365709370dbadbdb6180)
  -> (Configuration) Generating patch for bug 205 (be9e92bc4439a6e0cc85365709370dbadbdb6180 -> 8dddebf1cb559cf97c40b4f8f6da5e69bca9d963)
  -> (Configuration) Generating patch for bug 206 (45ed315416acf549a1d0caac1ee14ee0b99f62ac -> af228dff05d74103cd1667f30d892a9d0d0a93e0)
  -> (Configuration) Generating patch for bug 207 (af228dff05d74103cd1667f30d892a9d0d0a93e0 -> 7faf03d28d12568afe44eb8a2ab981758a0a2897)
  -> (Configuration) Generating patch for bug 208 (7faf03d28d12568afe44eb8a2ab981758a0a2897 -> ac0f393e4e9686a46e9b5adc8402ccff1b6b2420)
  -> (Configuration) Generating patch for bug 209 (719467d4d6265cb4ea41578d3c29806803fb903b -> 0dca9e48860bcd3d3e4ba603838257ebecc41b2d)
  -> (Configuration) Generating patch for bug 210 (280347f1370951855f46ea58efc936836ea82e7a -> 2d247017bcfba1d2565fe286b049cae5f2e6c950)
  -> (Configuration) Generating patch for bug 211 (2d247017bcfba1d2565fe286b049cae5f2e6c950 -> 04c1bce1f91ff97aad65d353ed92fbeffbc061fd)
  -> (Configuration) Generating patch for bug 212 (7856de78840d401c06f510b62c45746c78ea7f11 -> 53434293b89633bba4b5731334dad1c94e58d803)
  -> (Configuration) Generating patch for bug 213 (53434293b89633bba4b5731334dad1c94e58d803 -> 1d22e7a1ad1b2e6cf162476674de1e8f5d4081df)
  -> (Configuration) Generating patch for bug 214 (fc534100c4e4eef54a31806b59cfc81a6674a4aa -> 75b2d209c5ab7d1cf3aec51254fe93056aee2135)
  -> (Configuration) Generating patch for bug 215 (75b2d209c5ab7d1cf3aec51254fe93056aee2135 -> 8fc74a9bd95d58aa7e69ef8b64f86063a15b2bed)
  -> (Configuration) Generating patch for bug 216 (67407f284b52a672fc49db793f10e55cae20b90d -> bea5ca1141531a4c2c14c4059ebfcf0b00862d42)
  -> (Configuration) Generating patch for bug 217 (bea5ca1141531a4c2c14c4059ebfcf0b00862d42 -> 7344ddb46c70f689b45a0c31eebfc38d4c89c24c)
  -> (Configuration) Generating patch for bug 218 (628813c02504c14a2033785d300c5e22ac573fb9 -> 5544b5af78ba07308f17e37915c2c919bb143870)
  -> (Configuration) Generating patch for bug 219 (5544b5af78ba07308f17e37915c2c919bb143870 -> 2ccca975ded63aacaf532065632b15fc01750f68)
  -> (Configuration) Generating patch for bug 220 (2062535c08d5552fe8685b418486c28d599d51cf -> 2e9734b128f1bee856bc73a5dea7e106c04442d3)
  -> (Configuration) Generating patch for bug 221 (2e9734b128f1bee856bc73a5dea7e106c04442d3 -> 6344ce7cc648c06a7f170aa1bbb17a1a790a54dc)
  -> (Configuration) Generating patch for bug 222 (6344ce7cc648c06a7f170aa1bbb17a1a790a54dc -> ddacae3a48c04abfa200a3419f1dc19355a6ebe1)
  -> (Configuration) Generating patch for bug 223 (ddacae3a48c04abfa200a3419f1dc19355a6ebe1 -> 1c543973e93f01249a7e879cdc3f30c604895462)
  -> (Configuration) Generating patch for bug 224 (1c543973e93f01249a7e879cdc3f30c604895462 -> 3623d0b6a5dec35536c58762aaf1cf1a7505a209)
  -> (Configuration) Generating patch for bug 225 (3623d0b6a5dec35536c58762aaf1cf1a7505a209 -> 859829da3fd4da1effcbdc3224ed383bd8ac515a)
  -> (Configuration) Generating patch for bug 226 (859829da3fd4da1effcbdc3224ed383bd8ac515a -> a3fec41476ade3604519145f929e68a6cbef21ff)
  -> (Configuration) Generating patch for bug 227 (a3fec41476ade3604519145f929e68a6cbef21ff -> e498bda4b550707acc8352bc65ab75a30ef88ba4)
  -> (Configuration) Generating patch for bug 228 (e498bda4b550707acc8352bc65ab75a30ef88ba4 -> f8028c6ab2e29fb49f41b0b439fc78d9b46ed526)
  -> (Configuration) Generating patch for bug 229 (f8028c6ab2e29fb49f41b0b439fc78d9b46ed526 -> 42956360e42e805d390a0d31ee031db029937bfa)
  -> (Configuration) Generating patch for bug 230 (b0739e8c96625a7a8105e4c1262012184efddec0 -> 51c848d04590dbe3b6355763c86302a61f31c3e4)
  -> (Configuration) Generating patch for bug 231 (51c848d04590dbe3b6355763c86302a61f31c3e4 -> d407702e4a646e01ad81684afc9cc0c66551ea95)
  -> (Configuration) Generating patch for bug 232 (d407702e4a646e01ad81684afc9cc0c66551ea95 -> ae12e7318d56ccbb5273218b0ff8cd00c8ee51fd)
  -> (Configuration) Generating patch for bug 233 (ae12e7318d56ccbb5273218b0ff8cd00c8ee51fd -> 9720cbf8b2b6595f79e08f2964c53e47c96324f4)
  -> (Configuration) Generating patch for bug 234 (9720cbf8b2b6595f79e08f2964c53e47c96324f4 -> 59877a43eb049806818386dedb072ffbcf694964)
  -> (Configuration) Generating patch for bug 235 (59877a43eb049806818386dedb072ffbcf694964 -> d8575412eb50c8758f64e9bb37363c974a0a36ac)
  -> (Configuration) Generating patch for bug 236 (d8575412eb50c8758f64e9bb37363c974a0a36ac -> a3e6680f935a0b6533563c0b58d41a217996aa93)
  -> (Configuration) Generating patch for bug 237 (a3e6680f935a0b6533563c0b58d41a217996aa93 -> a23dfda185b8414033aa2350c75fcd56a0911728)
  -> (Configuration) Generating patch for bug 238 (a23dfda185b8414033aa2350c75fcd56a0911728 -> 33469fe1be59affd9b4a7a9562dd1ff4862323e1)
  -> (Configuration) Generating patch for bug 239 (33469fe1be59affd9b4a7a9562dd1ff4862323e1 -> 42398893d7abfb2f2cee169465e2777eb698ae9a)
  -> (Configuration) Generating patch for bug 240 (42398893d7abfb2f2cee169465e2777eb698ae9a -> f21a3793d06495214fcc46c081ae0c663c272ae3)
  -> (Configuration) Generating patch for bug 241 (f21a3793d06495214fcc46c081ae0c663c272ae3 -> b3bb5648e1c7b47f33a1e06e5cc4dc2b8a2e67a2)
  -> (Configuration) Generating patch for bug 242 (b3bb5648e1c7b47f33a1e06e5cc4dc2b8a2e67a2 -> d7437c79bbeba415523c52488019cca0f5cbb7cd)
  -> (Configuration) Generating patch for bug 243 (d7437c79bbeba415523c52488019cca0f5cbb7cd -> 6fe0136334d6466d17d01ee17e18f0be7c200231)
  -> (Configuration) Generating patch for bug 244 (6fe0136334d6466d17d01ee17e18f0be7c200231 -> 8c3a9eacc52d8908130a29ea7675514decdecb2c)
  -> (Configuration) Generating patch for bug 245 (8c3a9eacc52d8908130a29ea7675514decdecb2c -> 96594ccd8805f150ea29596db8b5993f0e491f78)
  -> (Configuration) Generating patch for bug 246 (96594ccd8805f150ea29596db8b5993f0e491f78 -> 6c8654a071cceab767bc7d9c2dba589209c75dbd)
  -> (Configuration) Generating patch for bug 247 (fe183744bf259b2a70fe601a19f572b39f408060 -> 76f63549524946005a34ff3eab3c30ae2a505e50)
  -> (Configuration) Generating patch for bug 248 (76f63549524946005a34ff3eab3c30ae2a505e50 -> 5418638f92577ba6b22c35f9ee6a981b06eb5957)
  -> (Configuration) Generating patch for bug 249 (5418638f92577ba6b22c35f9ee6a981b06eb5957 -> 8309cfcc1a5abf48ddbee03436c0fd4f15ec4945)
  -> (Configuration) Generating patch for bug 250 (055cbd0d42dfec901c7b2532f7a71f937b1d4756 -> 8196ab509d705c6ecd5e13b3e7f3e9768fd33242)
  -> (Configuration) Generating patch for bug 251 (8196ab509d705c6ecd5e13b3e7f3e9768fd33242 -> 389bd1618d63589f4e97105b5e90d4a807562447)
  -> (Configuration) Generating patch for bug 252 (e9dcc716af5014485846d28e174164c2a3720c15 -> 4930140ec6fdceb7e15d31afa45243dee7d1e217)
  -> (Configuration) Generating patch for bug 253 (4930140ec6fdceb7e15d31afa45243dee7d1e217 -> 8fda5569b24cd3f5ea30fcd68b8459bcd03733b9)
  -> (Configuration) Generating patch for bug 254 (8fda5569b24cd3f5ea30fcd68b8459bcd03733b9 -> 0635f7f27ec605303b7f25182e091777d38c7955)
  -> (Configuration) Generating patch for bug 255 (0635f7f27ec605303b7f25182e091777d38c7955 -> feb962488d8fbb628958cac1a754503591c4eac8)
  -> (Configuration) Generating patch for bug 256 (5a2555b72d8788462a3e62b4244a0a7f7b06dcb1 -> ee61bde4e14fe5d1f63e0f1b8e52011b5fb57ed1)
  -> (Configuration) Generating patch for bug 257 (ee61bde4e14fe5d1f63e0f1b8e52011b5fb57ed1 -> b0db819eaf22c91a7cc914fa8c94f91143ececbf)
  -> (Configuration) Generating patch for bug 258 (b0db819eaf22c91a7cc914fa8c94f91143ececbf -> 6fffdeffe114f022d8357ac876c9277b9ad3feb9)
  -> (Configuration) Generating patch for bug 259 (a03197def3b910666e6014dbc501d0eed036313f -> 3bc576a7e41c5482dbfddefeaa99e696f34de50f)
  -> (Configuration) Generating patch for bug 260 (3bc576a7e41c5482dbfddefeaa99e696f34de50f -> c8230b04b204f90cbf916a02212f246700814ef4)
  -> (Configuration) Generating patch for bug 261 (c8230b04b204f90cbf916a02212f246700814ef4 -> 21a0e874cf3d14cfcef60d20b97e4c81da581788)
  -> (Configuration) Generating patch for bug 262 (21a0e874cf3d14cfcef60d20b97e4c81da581788 -> c591ff7478a67aee5f065e0ca93af1c4fefde36b)
  -> (Configuration) Generating patch for bug 263 (bc69f94466efb770e78d1bd89a8a1bd460fc437a -> 861f6fc042985dcf07968f41b7a97155ef00fbb3)
  -> (Configuration) Generating patch for bug 264 (861f6fc042985dcf07968f41b7a97155ef00fbb3 -> 31e761b1fbe4676523a87e9716eb2bf03a64cada)
  -> (Configuration) Generating patch for bug 265 (4073f7b0a15b6de7b760834d5acfc4c6d9d3ee3e -> 663521121083c36fbff550f23fa14bc74b73174b)
  -> (Configuration) Generating patch for bug 266 (663521121083c36fbff550f23fa14bc74b73174b -> 5303d7cdae954938e6aadc32d3e0c89a38c30463)
  -> (Configuration) Generating patch for bug 267 (5303d7cdae954938e6aadc32d3e0c89a38c30463 -> 5eda1d70605f3407bcae58a77f2c92266e91815c)
  -> (Configuration) Generating patch for bug 268 (5eda1d70605f3407bcae58a77f2c92266e91815c -> 0d547db40d60ce790675ab94a66a97ee2efacff1)
  -> (Configuration) Generating patch for bug 269 (3df316bdb511cff31518b0f30143a033bac5e8c0 -> fe8f43befbdc5241d8c0c687d50114f4eb77fcef)
  -> (Configuration) Generating patch for bug 270 (fe8f43befbdc5241d8c0c687d50114f4eb77fcef -> f503bad4805b3c0e6f38bb9e6c4888483807b292)
  -> (Configuration) Generating patch for bug 271 (cb6b1a406c6c8fa7118841a578b4c36caf7dd2ee -> 893a67efdf4fd2b02f5a7b1d6e3a22e10bf969cc)
  -> (Configuration) Generating patch for bug 272 (893a67efdf4fd2b02f5a7b1d6e3a22e10bf969cc -> 78e692c33d25e2da9a549235464e4b212f701263)
  -> (Configuration) Generating patch for bug 273 (97c6c963e2045def1f19c650f638b304f6464c19 -> 9200911bf40a2bad68477e54b0e9554e4e8556b0)
  -> (Configuration) Generating patch for bug 274 (9200911bf40a2bad68477e54b0e9554e4e8556b0 -> 3751cc240688fe7f78b546338a7c71d4206b687b)
  -> (Configuration) Generating patch for bug 275 (f48cd4cd0668dd31f92e5fa5dcc10f7531d08249 -> 02b373073397b8e116d1e1c9289bcec3088feaa7)
  -> (Configuration) Generating patch for bug 276 (619aa9bff4055f51df04f5f837605785a998e9b8 -> 4c55341a48427f7bc0ce30f0699c673f7e69f63d)
  -> (Configuration) Generating patch for bug 277 (4c55341a48427f7bc0ce30f0699c673f7e69f63d -> 27ae87a59cb2f0d06ea21d4a886f3afb9a14247d)
  -> (Configuration) Generating patch for bug 278 (962128ce971b2edd3fc9e4a85b417fba01a0246e -> 287254724ea66841b932fb5f6d8cbe37b04eea81)
  -> (Configuration) Generating patch for bug 279 (076809136106ba4abc3384391875de89a44ac519 -> 6108d46ede3c99b85bced3c65ea568f81bd1f472)
  -> (Configuration) Generating patch for bug 280 (a3965076535f8673cedca093d11876eba76cac5e -> d3c40d779168c09cacc22481c7b5b1bb69cf6c4e)
  -> (Configuration) Generating patch for bug 281 (5973c0e2f15d1c354da37f46e10e80c9fbfa57ba -> d008f8e95ca3d235691bdb644d61d9418e20ef12)
  -> (Configuration) Generating patch for bug 282 (d008f8e95ca3d235691bdb644d61d9418e20ef12 -> a758257bdac4bbb7e03c3607f835e5c8f535ef5e)
  -> (Configuration) Generating patch for bug 283 (14c0de75518520d984c551278b894666822aaf1f -> d4d39a187546c53586044e806453c9b0436b347b)
  -> (Configuration) Generating patch for bug 284 (a76a3a65c4d2e3530c69c1fecc6e4fe6f2f221ed -> 746821e2568246d8d7b09403f68930ab000a9592)
  -> (Configuration) Generating patch for bug 285 (746821e2568246d8d7b09403f68930ab000a9592 -> 4c9402eca4322e092ff59f855867eedbe4640462)
  -> (Configuration) Generating patch for bug 286 (4c9402eca4322e092ff59f855867eedbe4640462 -> 3385643cdc97b180fc6bc8cf26a38b56dc98b69e)
  -> (Configuration) Generating patch for bug 287 (db6cfaac044ad3e714e12a06ddaff8bca096586e -> 61cca7868649e7c5739009fe453157c454ff8a29)
  -> (Configuration) Generating patch for bug 288 (61cca7868649e7c5739009fe453157c454ff8a29 -> 0b851caa28e1b4253b4f01c3df77f70eac8972dd)
  -> (Configuration) Generating patch for bug 289 (1fe8029e656c7921cbbaea8a45b9368a82d69a6a -> e0888d8afc1598a0e2b801d34023ba81ede32ee3)
  -> (Configuration) Generating patch for bug 290 (9c7e93974938049e0769ed993b6a39b41e77cdcf -> 1b8bbda87fbf333cd96353bbfcf7bb8274ddd393)
  -> (Configuration) Generating patch for bug 291 (1b8bbda87fbf333cd96353bbfcf7bb8274ddd393 -> 11817a41c32a7a4a8878f42477e9be543a133f71)
  -> (Configuration) Generating patch for bug 292 (8bc64b9ae404c7aaeb71eaaaabcc133cfd54f323 -> dd82ef84397162b72b7b3196197066c5cd908494)
  -> (Configuration) Generating patch for bug 293 (674624c0f256464ab013f22eccaf5b9eac212147 -> eeae97a2141dbe1bec8eaab4adfc5338ee2cb38c)
  -> (Configuration) Generating patch for bug 294 (eeae97a2141dbe1bec8eaab4adfc5338ee2cb38c -> 3425aa853e026a05c9b6d920efe230a869fee0b2)
  -> (Configuration) Generating patch for bug 295 (c178d31292df1e408b5587a27ff98f8ec30f8dc2 -> 454fa0ce34fee5f182e8dcd83af77947d5dfddaa)
  -> (Configuration) Generating patch for bug 296 (196ec2eb35163921794d09dd583c33be2106e901 -> 7f288c065a84b7b64d1fb3aeda860e91763b871f)
  -> (Configuration) Generating patch for bug 297 (b8e2c81209208dace796153a57c65ed96599b588 -> 079cf7176989fb91d622a6a06f1fb7023cb79a25)
  -> (Configuration) Generating patch for bug 298 (9a828da194ad82c250b8af6d2c7f7b4fba1d0cbd -> 4e76fd8c9e9139314ae83faa21c9da2aee786031)
  -> (Configuration) Generating patch for bug 299 (a32f514073e09f9bcd1f11c6cd0dd46ea244efe8 -> eb6ee52eb93836f607db0684049e0be68447c3ec)
  -> (Configuration) Generating patch for bug 300 (23fa208a794a14cea7de80fc7b745349edb349d6 -> d492d263443e6d51491bedf019e80e3dab0e6c5a)
  -> (Configuration) Generating patch for bug 301 (fc9f5cd779e2327ed124d7f5400bd9cbb4c4cbd3 -> f01f557fe53b2e1acc383e87fdb9dc5bb911ef18)
  -> (Configuration) Generating patch for bug 302 (f01f557fe53b2e1acc383e87fdb9dc5bb911ef18 -> d2b619328cdd928d1d80224d4f4c6834130f3238)
  -> (Configuration) Generating patch for bug 303 (7ae11a3987c617d9619d7d9847c267344af8cfce -> 9243c8c0d4bc5fd2519f6d000089e5ed5c4ef567)
  -> (Configuration) Generating patch for bug 304 (9243c8c0d4bc5fd2519f6d000089e5ed5c4ef567 -> 3621eb04197c4a806256cf07237ad17cfa46d5ed)
  -> (Configuration) Generating patch for bug 305 (3621eb04197c4a806256cf07237ad17cfa46d5ed -> 0c3074832dae11b7cfa7943b23f962de6dac9669)
  -> (Configuration) Generating patch for bug 306 (bffd42d50cbf8e829200b80d815653bac375273f -> 6cfee55638858187eabb1258b41ddaa86c5ba22b)
  -> (Configuration) Generating patch for bug 307 (6cfee55638858187eabb1258b41ddaa86c5ba22b -> 0b3504e4aea72e487b86c7455430b90211580ded)
  -> (Configuration) Generating patch for bug 308 (ea0f24c93ca50648b4990b74ae7b9d589f746364 -> 56b5c4dcdffbde27870df5a3105d6a5f9b22f554)
  -> (Configuration) Generating patch for bug 309 (56b5c4dcdffbde27870df5a3105d6a5f9b22f554 -> c50f01f5be70e25e634a5cb717df95dfb1d692dc)
  -> (Configuration) Generating patch for bug 310 (15b07437fe476f3d6bc7a51dd0168fda86a4d6eb -> 7d7d399d0598cb0ca5f81891de34694178156dab)
  -> (Configuration) Generating patch for bug 311 (7d7d399d0598cb0ca5f81891de34694178156dab -> 041094f820d1cfe0a2787c4ba194a3215d927b26)
  -> (Configuration) Generating patch for bug 312 (a17775880e6adca1a4d616519d66a395d7d21c03 -> 43f4dab021e9acb8db390db2ae80aa0cee4f9ee4)
  -> (Configuration) Generating patch for bug 313 (ea1b3dc3d4949c7c1861118b7c20fba71db6fa02 -> 5eca1fbcac42dd05ea114e36e96963acb88f9a89)
  -> (Configuration) Generating patch for bug 314 (15e6ec62f1b309bab0bffd139a4790564dc3ca73 -> 3319b182093756b77f583a79c5ff866d4bdc32ac)
  -> (Configuration) Generating patch for bug 315 (3319b182093756b77f583a79c5ff866d4bdc32ac -> dbf231f4a472c8e8f03969fc7e74d443d022a28c)
  -> (Configuration) Generating patch for bug 316 (b57506d86dfe581b5ab3a75bbaf9c89a050a39f9 -> c2ed6df8c1576d1ee067f736a178c93f7b4962f9)
  -> (Configuration) Generating patch for bug 317 (c2ed6df8c1576d1ee067f736a178c93f7b4962f9 -> d982bb0730d440eb311280cb707869ae77fa59a6)
  -> (Configuration) Generating patch for bug 318 (ee373e960098c6b43434342ca1d5f8054488c053 -> 0c3fd6d268bd76d0f8937653a4989369426017e0)
  -> (Configuration) Generating patch for bug 319 (4d6d4b95b3678a34bd58d23a7f6a44d594f8e149 -> 3463d65209e4a76da2ca70f78168363bcff5047b)
  -> (Configuration) Generating patch for bug 320 (3463d65209e4a76da2ca70f78168363bcff5047b -> 24a1baf929a44d210c80fb932d8275e506b41d46)
  -> (Configuration) Generating patch for bug 321 (24a1baf929a44d210c80fb932d8275e506b41d46 -> 06c09f0245266f0ef4cb47570b99f6eea3d16df1)
  -> (Configuration) Generating patch for bug 322 (4fb7fe34f2d830a22851fc7f042b74872ada6a26 -> 112db4815e1a6960fc0f6aac84aac2c1f2391c9f)
  -> (Configuration) Generating patch for bug 323 (3ed25ec0bb10b7a6c020c40d28176f5ffb563d75 -> e4439a8f90c8e702386f4094db206b89c2cf7455)
  -> (Configuration) Generating patch for bug 324 (e4439a8f90c8e702386f4094db206b89c2cf7455 -> adeec3ef8afdf5e68e19212f233a9e9c978bdb2e)
  -> (Configuration) Generating patch for bug 325 (136102875fe9408cf46f9b92fe6fdcaba41fd451 -> dc7ed2f96aab18f4f6596fba3ba1186db3554ce3)
  -> (Configuration) Generating patch for bug 326 (dc7ed2f96aab18f4f6596fba3ba1186db3554ce3 -> da5148fef748d7cab1d6adbf130963fe0593116d)
Finished processing project Configuration.

